This file contains any messages produced by compilers while
running configure, to aid debugging if configure makes a mistake.

It was created by mod_sq configure 0.1, which was
generated by GNU Autoconf 2.65.  Invocation command line was

  $ ./configure 

## --------- ##
## Platform. ##
## --------- ##

hostname = rage
uname -m = x86_64
uname -r = 2.6.36-hardened-r9
uname -s = Linux
uname -v = #1 SMP Mon Feb 21 23:57:14 PST 2011

/usr/bin/uname -p = AMD Athlon(tm) 64 X2 Dual Core Processor 4200+
/bin/uname -X     = unknown

/bin/arch              = unknown
/usr/bin/arch -k       = unknown
/usr/convex/getsysinfo = unknown
/usr/bin/hostinfo      = unknown
/bin/machine           = unknown
/usr/bin/oslevel       = unknown
/bin/universe          = unknown

PATH: /usr/local/sbin
PATH: /usr/local/bin
PATH: /usr/sbin
PATH: /usr/bin
PATH: /sbin
PATH: /bin
PATH: /opt/bin
PATH: /usr/x86_64-pc-linux-gnu/gcc-bin/4.4.5


## ----------- ##
## Core tests. ##
## ----------- ##

configure:2214: checking for a BSD-compatible install
configure:2282: result: /usr/bin/install -c
configure:2293: checking whether build environment is sane
configure:2343: result: yes
configure:2484: checking for a thread-safe mkdir -p
configure:2523: result: /bin/mkdir -p
configure:2536: checking for gawk
configure:2552: found /usr/bin/gawk
configure:2563: result: gawk
configure:2574: checking whether make sets $(MAKE)
configure:2596: result: yes
configure:2726: checking for gcc
configure:2742: found /usr/bin/gcc
configure:2753: result: gcc
configure:2982: checking for C compiler version
configure:2991: gcc --version >&5
gcc (Gentoo Hardened 4.4.5 p1.2, pie-0.4.5) 4.4.5
Copyright (C) 2010 Free Software Foundation, Inc.
This is free software; see the source for copying conditions.  There is NO
warranty; not even for MERCHANTABILITY or FITNESS FOR A PARTICULAR PURPOSE.

configure:3002: $? = 0
configure:2991: gcc -v >&5
Using built-in specs.
Target: x86_64-pc-linux-gnu
Configured with: /var/tmp/portage/sys-devel/gcc-4.4.5/work/gcc-4.4.5/configure --prefix=/usr --bindir=/usr/x86_64-pc-linux-gnu/gcc-bin/4.4.5 --includedir=/usr/lib/gcc/x86_64-pc-linux-gnu/4.4.5/include --datadir=/usr/share/gcc-data/x86_64-pc-linux-gnu/4.4.5 --mandir=/usr/share/gcc-data/x86_64-pc-linux-gnu/4.4.5/man --infodir=/usr/share/gcc-data/x86_64-pc-linux-gnu/4.4.5/info --with-gxx-include-dir=/usr/lib/gcc/x86_64-pc-linux-gnu/4.4.5/include/g++-v4 --host=x86_64-pc-linux-gnu --build=x86_64-pc-linux-gnu --disable-altivec --disable-fixed-point --without-ppl --without-cloog --enable-nls --without-included-gettext --with-system-zlib --disable-werror --enable-secureplt --enable-multilib --enable-libmudflap --disable-libssp --enable-esp --enable-libgomp --with-python-dir=/share/gcc-data/x86_64-pc-linux-gnu/4.4.5/python --enable-checking=release --disable-libgcj --enable-languages=c,c++ --enable-shared --enable-threads=posix --enable-__cxa_atexit --enable-clocale=gnu --with-bugurl=http://bugs.gentoo.org/ --with-pkgversion='Gentoo Hardened 4.4.5 p1.2, pie-0.4.5'
Thread model: posix
gcc version 4.4.5 (Gentoo Hardened 4.4.5 p1.2, pie-0.4.5) 
configure:3002: $? = 0
configure:2991: gcc -V >&5
gcc: '-V' option must have argument
configure:3002: $? = 1
configure:2991: gcc -qversion >&5
gcc: unrecognized option '-qversion'
gcc: no input files
configure:3002: $? = 1
configure:3022: checking whether the C compiler works
configure:3044: gcc    conftest.c  >&5
configure:3048: $? = 0
configure:3097: result: yes
configure:3100: checking for C compiler default output file name
configure:3102: result: a.out
configure:3108: checking for suffix of executables
configure:3115: gcc -o conftest    conftest.c  >&5
configure:3119: $? = 0
configure:3141: result: 
configure:3163: checking whether we are cross compiling
configure:3171: gcc -o conftest    conftest.c  >&5
configure:3175: $? = 0
configure:3182: ./conftest
configure:3186: $? = 0
configure:3201: result: no
configure:3206: checking for suffix of object files
configure:3228: gcc -c   conftest.c >&5
configure:3232: $? = 0
configure:3253: result: o
configure:3257: checking whether we are using the GNU C compiler
configure:3276: gcc -c   conftest.c >&5
configure:3276: $? = 0
configure:3285: result: yes
configure:3294: checking whether gcc accepts -g
configure:3314: gcc -c -g  conftest.c >&5
configure:3314: $? = 0
configure:3355: result: yes
configure:3372: checking for gcc option to accept ISO C89
configure:3436: gcc  -c -g -O2  conftest.c >&5
configure:3436: $? = 0
configure:3449: result: none needed
configure:3480: checking for style of include used by make
configure:3508: result: GNU
configure:3533: checking dependency style of gcc
configure:3643: result: none
configure:3688: checking build system type
configure:3702: result: x86_64-unknown-linux-gnu
configure:3722: checking host system type
configure:3735: result: x86_64-unknown-linux-gnu
configure:3776: checking how to print strings
configure:3803: result: printf
configure:3824: checking for a sed that does not truncate output
configure:3888: result: /bin/sed
configure:3906: checking for grep that handles long lines and -e
configure:3964: result: /bin/grep
configure:3969: checking for egrep
configure:4031: result: /bin/grep -E
configure:4036: checking for fgrep
configure:4098: result: /bin/grep -F
configure:4133: checking for ld used by gcc
configure:4200: result: /usr/x86_64-pc-linux-gnu/bin/ld
configure:4207: checking if the linker (/usr/x86_64-pc-linux-gnu/bin/ld) is GNU ld
configure:4222: result: yes
configure:4234: checking for BSD- or MS-compatible name lister (nm)
configure:4283: result: /usr/bin/nm -B
configure:4413: checking the name lister (/usr/bin/nm -B) interface
configure:4420: gcc -c -g -O2  conftest.c >&5
configure:4423: /usr/bin/nm -B "conftest.o"
configure:4426: output
0000000000000000 B some_variable
configure:4433: result: BSD nm
configure:4436: checking whether ln -s works
configure:4440: result: yes
configure:4448: checking the maximum length of command line arguments
configure:4573: result: 1572864
configure:4590: checking whether the shell understands some XSI constructs
configure:4600: result: yes
configure:4604: checking whether the shell understands "+="
configure:4610: result: yes
configure:4645: checking for /usr/x86_64-pc-linux-gnu/bin/ld option to reload object files
configure:4652: result: -r
configure:4721: checking for objdump
configure:4737: found /usr/bin/objdump
configure:4748: result: objdump
configure:4780: checking how to recognize dependent libraries
configure:4982: result: pass_all
configure:5042: checking for ar
configure:5058: found /usr/bin/ar
configure:5069: result: ar
configure:5147: checking for strip
configure:5163: found /usr/bin/strip
configure:5174: result: strip
configure:5246: checking for ranlib
configure:5262: found /usr/bin/ranlib
configure:5273: result: ranlib
configure:5375: checking command to parse /usr/bin/nm -B output from gcc object
configure:5493: gcc -c -g -O2  conftest.c >&5
configure:5496: $? = 0
configure:5500: /usr/bin/nm -B conftest.o \| sed -n -e 's/^.*[ ]\([ABCDGIRSTW][ABCDGIRSTW]*\)[ ][ ]*\([_A-Za-z][_A-Za-z0-9]*\)$/\1 \2 \2/p' \> conftest.nm
configure:5503: $? = 0
configure:5557: gcc -o conftest -g -O2   conftest.c conftstm.o >&5
configure:5560: $? = 0
configure:5598: result: ok
configure:5694: gcc -c -g -O2  conftest.c >&5
configure:5697: $? = 0
configure:6439: checking how to run the C preprocessor
configure:6470: gcc -E  conftest.c
configure:6470: $? = 0
configure:6484: gcc -E  conftest.c
conftest.c:11:28: error: ac_nonexistent.h: No such file or directory
configure:6484: $? = 1
configure: failed program was:
| /* confdefs.h */
| #define PACKAGE_NAME "mod_sq"
| #define PACKAGE_TARNAME "mod_sq"
| #define PACKAGE_VERSION "0.1"
| #define PACKAGE_STRING "mod_sq 0.1"
| #define PACKAGE_BUGREPORT "nathan@njlg.info"
| #define PACKAGE_URL ""
| #define PACKAGE "mod_sq"
| #define VERSION "0.1"
| /* end confdefs.h.  */
| #include <ac_nonexistent.h>
configure:6509: result: gcc -E
configure:6529: gcc -E  conftest.c
configure:6529: $? = 0
configure:6543: gcc -E  conftest.c
conftest.c:11:28: error: ac_nonexistent.h: No such file or directory
configure:6543: $? = 1
configure: failed program was:
| /* confdefs.h */
| #define PACKAGE_NAME "mod_sq"
| #define PACKAGE_TARNAME "mod_sq"
| #define PACKAGE_VERSION "0.1"
| #define PACKAGE_STRING "mod_sq 0.1"
| #define PACKAGE_BUGREPORT "nathan@njlg.info"
| #define PACKAGE_URL ""
| #define PACKAGE "mod_sq"
| #define VERSION "0.1"
| /* end confdefs.h.  */
| #include <ac_nonexistent.h>
configure:6572: checking for ANSI C header files
configure:6592: gcc -c -g -O2  conftest.c >&5
configure:6592: $? = 0
configure:6665: gcc -o conftest -g -O2   conftest.c  >&5
configure:6665: $? = 0
configure:6665: ./conftest
configure:6665: $? = 0
configure:6676: result: yes
configure:6689: checking for sys/types.h
configure:6689: gcc -c -g -O2  conftest.c >&5
configure:6689: $? = 0
configure:6689: result: yes
configure:6689: checking for sys/stat.h
configure:6689: gcc -c -g -O2  conftest.c >&5
configure:6689: $? = 0
configure:6689: result: yes
configure:6689: checking for stdlib.h
configure:6689: gcc -c -g -O2  conftest.c >&5
configure:6689: $? = 0
configure:6689: result: yes
configure:6689: checking for string.h
configure:6689: gcc -c -g -O2  conftest.c >&5
configure:6689: $? = 0
configure:6689: result: yes
configure:6689: checking for memory.h
configure:6689: gcc -c -g -O2  conftest.c >&5
configure:6689: $? = 0
configure:6689: result: yes
configure:6689: checking for strings.h
configure:6689: gcc -c -g -O2  conftest.c >&5
configure:6689: $? = 0
configure:6689: result: yes
configure:6689: checking for inttypes.h
configure:6689: gcc -c -g -O2  conftest.c >&5
configure:6689: $? = 0
configure:6689: result: yes
configure:6689: checking for stdint.h
configure:6689: gcc -c -g -O2  conftest.c >&5
configure:6689: $? = 0
configure:6689: result: yes
configure:6689: checking for unistd.h
configure:6689: gcc -c -g -O2  conftest.c >&5
configure:6689: $? = 0
configure:6689: result: yes
configure:6704: checking for dlfcn.h
configure:6704: gcc -c -g -O2  conftest.c >&5
configure:6704: $? = 0
configure:6704: result: yes
configure:6891: checking for objdir
configure:6906: result: .libs
configure:7177: checking if gcc supports -fno-rtti -fno-exceptions
configure:7195: gcc -c -g -O2  -fno-rtti -fno-exceptions conftest.c >&5
cc1: warning: command line option "-fno-rtti" is valid for C++/ObjC++ but not for C
configure:7199: $? = 0
configure:7212: result: no
configure:7232: checking for gcc option to produce PIC
configure:7517: result: -fPIC -DPIC
configure:7529: checking if gcc PIC flag -fPIC -DPIC works
configure:7547: gcc -c -g -O2  -fPIC -DPIC -DPIC conftest.c >&5
configure:7551: $? = 0
configure:7564: result: yes
configure:7588: checking if gcc static flag -static works
configure:7616: result: yes
configure:7631: checking if gcc supports -c -o file.o
configure:7652: gcc -c -g -O2  -o out/conftest2.o conftest.c >&5
configure:7656: $? = 0
configure:7678: result: yes
configure:7686: checking if gcc supports -c -o file.o
configure:7733: result: yes
configure:7766: checking whether the gcc linker (/usr/x86_64-pc-linux-gnu/bin/ld -m elf_x86_64) supports shared libraries
configure:8841: result: yes
configure:8878: checking whether -lc should be explicitly linked in
configure:8886: gcc -c -g -O2  conftest.c >&5
configure:8889: $? = 0
configure:8904: gcc -shared conftest.o  -v -Wl,-soname -Wl,conftest -o conftest 2\>\&1 \| /bin/grep  -lc  \>/dev/null 2\>\&1
configure:8907: $? = 0
configure:8921: result: no
configure:9086: checking dynamic linker characteristics
configure:9554: gcc -o conftest -g -O2   -Wl,-rpath -Wl,/foo conftest.c  >&5
configure:9554: $? = 0
configure:9776: result: GNU/Linux ld.so
configure:9883: checking how to hardcode library paths into programs
configure:9908: result: immediate
configure:10448: checking whether stripping libraries is possible
configure:10453: result: yes
configure:10488: checking if libtool supports shared libraries
configure:10490: result: yes
configure:10493: checking whether to build shared libraries
configure:10514: result: yes
configure:10517: checking whether to build static libraries
configure:10521: result: yes
configure:10559: checking for apxs
configure:10577: found /usr/sbin/apxs
configure:10590: result: /usr/sbin/apxs
configure:10600: checking for apxs2
configure:10618: found /usr/sbin/apxs2
configure:10631: result: /usr/sbin/apxs2
configure:10643: checking for sq_open in -lsquirrel
configure:10668: gcc -o conftest -g -O2   conftest.c -lsquirrel   >&5
configure:10668: $? = 0
configure:10677: result: yes
configure:10691: checking for sqstd_dofile in -lsqstdlib
configure:10716: gcc -o conftest -g -O2   conftest.c -lsqstdlib  -lsquirrel  >&5
configure:10716: $? = 0
configure:10725: result: yes
configure:10740: checking for ANSI C header files
configure:10844: result: yes
configure:10855: checking squirrel.h usability
configure:10855: gcc -c -g -O2  conftest.c >&5
configure:10855: $? = 0
configure:10855: result: yes
configure:10855: checking squirrel.h presence
configure:10855: gcc -E  conftest.c
configure:10855: $? = 0
configure:10855: result: yes
configure:10855: checking for squirrel.h
configure:10855: result: yes
configure:10855: checking stdarg.h usability
configure:10855: gcc -c -g -O2  conftest.c >&5
configure:10855: $? = 0
configure:10855: result: yes
configure:10855: checking stdarg.h presence
configure:10855: gcc -E  conftest.c
configure:10855: $? = 0
configure:10855: result: yes
configure:10855: checking for stdarg.h
configure:10855: result: yes
configure:10855: checking stdio.h usability
configure:10855: gcc -c -g -O2  conftest.c >&5
configure:10855: $? = 0
configure:10855: result: yes
configure:10855: checking stdio.h presence
configure:10855: gcc -E  conftest.c
configure:10855: $? = 0
configure:10855: result: yes
configure:10855: checking for stdio.h
configure:10855: result: yes
configure:10855: checking for stdlib.h
configure:10855: result: yes
configure:10855: checking for string.h
configure:10855: result: yes
configure:10870: checking err.h usability
configure:10870: gcc -c -g -O2  conftest.c >&5
configure:10870: $? = 0
configure:10870: result: yes
configure:10870: checking err.h presence
configure:10870: gcc -E  conftest.c
configure:10870: $? = 0
configure:10870: result: yes
configure:10870: checking for err.h
configure:10870: result: yes
configure:11002: creating ./config.status

## ---------------------- ##
## Running config.status. ##
## ---------------------- ##

This file was extended by mod_sq config.status 0.1, which was
generated by GNU Autoconf 2.65.  Invocation command line was

  CONFIG_FILES    = 
  CONFIG_HEADERS  = 
  CONFIG_LINKS    = 
  CONFIG_COMMANDS = 
  $ ./config.status 

on rage

config.status:1076: creating Makefile
config.status:1076: creating config.h
config.status:1248: config.h is unchanged
config.status:1296: executing depfiles commands
config.status:1296: executing libtool commands

## ---------------- ##
## Cache variables. ##
## ---------------- ##

ac_cv_build=x86_64-unknown-linux-gnu
ac_cv_c_compiler_gnu=yes
ac_cv_env_CC_set=
ac_cv_env_CC_value=
ac_cv_env_CFLAGS_set=
ac_cv_env_CFLAGS_value=
ac_cv_env_CPPFLAGS_set=
ac_cv_env_CPPFLAGS_value=
ac_cv_env_CPP_set=
ac_cv_env_CPP_value=
ac_cv_env_LDFLAGS_set=
ac_cv_env_LDFLAGS_value=
ac_cv_env_LIBS_set=
ac_cv_env_LIBS_value=
ac_cv_env_build_alias_set=
ac_cv_env_build_alias_value=
ac_cv_env_host_alias_set=
ac_cv_env_host_alias_value=
ac_cv_env_target_alias_set=
ac_cv_env_target_alias_value=
ac_cv_header_dlfcn_h=yes
ac_cv_header_err_h=yes
ac_cv_header_inttypes_h=yes
ac_cv_header_memory_h=yes
ac_cv_header_squirrel_h=yes
ac_cv_header_stdarg_h=yes
ac_cv_header_stdc=yes
ac_cv_header_stdint_h=yes
ac_cv_header_stdio_h=yes
ac_cv_header_stdlib_h=yes
ac_cv_header_string_h=yes
ac_cv_header_strings_h=yes
ac_cv_header_sys_stat_h=yes
ac_cv_header_sys_types_h=yes
ac_cv_header_unistd_h=yes
ac_cv_host=x86_64-unknown-linux-gnu
ac_cv_lib_sqstdlib_sqstd_dofile=yes
ac_cv_lib_squirrel_sq_open=yes
ac_cv_objext=o
ac_cv_path_APXS2=/usr/sbin/apxs2
ac_cv_path_APXS=/usr/sbin/apxs
ac_cv_path_EGREP='/bin/grep -E'
ac_cv_path_FGREP='/bin/grep -F'
ac_cv_path_GREP=/bin/grep
ac_cv_path_SED=/bin/sed
ac_cv_path_install='/usr/bin/install -c'
ac_cv_path_mkdir=/bin/mkdir
ac_cv_prog_AWK=gawk
ac_cv_prog_CPP='gcc -E'
ac_cv_prog_ac_ct_AR=ar
ac_cv_prog_ac_ct_CC=gcc
ac_cv_prog_ac_ct_OBJDUMP=objdump
ac_cv_prog_ac_ct_RANLIB=ranlib
ac_cv_prog_ac_ct_STRIP=strip
ac_cv_prog_cc_c89=
ac_cv_prog_cc_g=yes
ac_cv_prog_make_make_set=yes
am_cv_CC_dependencies_compiler_type=none
lt_cv_archive_cmds_need_lc=no
lt_cv_deplibs_check_method=pass_all
lt_cv_file_magic_cmd='$MAGIC_CMD'
lt_cv_file_magic_test_file=
lt_cv_ld_reload_flag=-r
lt_cv_nm_interface='BSD nm'
lt_cv_objdir=.libs
lt_cv_path_LD=/usr/x86_64-pc-linux-gnu/bin/ld
lt_cv_path_NM='/usr/bin/nm -B'
lt_cv_prog_compiler_c_o=yes
lt_cv_prog_compiler_pic_works=yes
lt_cv_prog_compiler_rtti_exceptions=no
lt_cv_prog_compiler_static_works=yes
lt_cv_prog_gnu_ld=yes
lt_cv_shlibpath_overrides_runpath=yes
lt_cv_sys_global_symbol_pipe='sed -n -e '\''s/^.*[	 ]\([ABCDGIRSTW][ABCDGIRSTW]*\)[	 ][	 ]*\([_A-Za-z][_A-Za-z0-9]*\)$/\1 \2 \2/p'\'''
lt_cv_sys_global_symbol_to_c_name_address='sed -n -e '\''s/^: \([^ ]*\) $/  {\"\1\", (void *) 0},/p'\'' -e '\''s/^[ABCDGIRSTW]* \([^ ]*\) \([^ ]*\)$/  {"\2", (void *) \&\2},/p'\'''
lt_cv_sys_global_symbol_to_c_name_address_lib_prefix='sed -n -e '\''s/^: \([^ ]*\) $/  {\"\1\", (void *) 0},/p'\'' -e '\''s/^[ABCDGIRSTW]* \([^ ]*\) \(lib[^ ]*\)$/  {"\2", (void *) \&\2},/p'\'' -e '\''s/^[ABCDGIRSTW]* \([^ ]*\) \([^ ]*\)$/  {"lib\2", (void *) \&\2},/p'\'''
lt_cv_sys_global_symbol_to_cdecl='sed -n -e '\''s/^T .* \(.*\)$/extern int \1();/p'\'' -e '\''s/^[ABCDGIRSTW]* .* \(.*\)$/extern char \1;/p'\'''
lt_cv_sys_max_cmd_len=1572864

## ----------------- ##
## Output variables. ##
## ----------------- ##

ACLOCAL='${SHELL} /root/mod_sq/missing --run aclocal-1.11'
AMDEPBACKSLASH='\'
AMDEP_FALSE='#'
AMDEP_TRUE=''
AMTAR='${SHELL} /root/mod_sq/missing --run tar'
APXS2='/usr/sbin/apxs2'
APXS='/usr/sbin/apxs2'
AR='ar'
AUTOCONF='${SHELL} /root/mod_sq/missing --run autoconf'
AUTOHEADER='${SHELL} /root/mod_sq/missing --run autoheader'
AUTOMAKE='${SHELL} /root/mod_sq/missing --run automake-1.11'
AWK='gawk'
CC='gcc'
CCDEPMODE='depmode=none'
CFLAGS='-g -O2'
CPP='gcc -E'
CPPFLAGS=''
CYGPATH_W='echo'
DEFS='-DHAVE_CONFIG_H'
DEPDIR='.deps'
DSYMUTIL=''
DUMPBIN=''
ECHO_C=''
ECHO_N='-n'
ECHO_T=''
EGREP='/bin/grep -E'
EXEEXT=''
FGREP='/bin/grep -F'
GREP='/bin/grep'
INSTALL_DATA='${INSTALL} -m 644'
INSTALL_PROGRAM='${INSTALL}'
INSTALL_SCRIPT='${INSTALL}'
INSTALL_STRIP_PROGRAM='$(install_sh) -c -s'
LD='/usr/x86_64-pc-linux-gnu/bin/ld -m elf_x86_64'
LDFLAGS=''
LIBOBJS=''
LIBS='-lsqstdlib -lsquirrel '
LIBTOOL='$(SHELL) $(top_builddir)/libtool'
LIPO=''
LN_S='ln -s'
LTLIBOBJS=''
MAKEINFO='${SHELL} /root/mod_sq/missing --run makeinfo'
MKDIR_P='/bin/mkdir -p'
NM='/usr/bin/nm -B'
NMEDIT=''
OBJDUMP='objdump'
OBJEXT='o'
OTOOL64=''
OTOOL=''
PACKAGE='mod_sq'
PACKAGE_BUGREPORT='nathan@njlg.info'
PACKAGE_NAME='mod_sq'
PACKAGE_STRING='mod_sq 0.1'
PACKAGE_TARNAME='mod_sq'
PACKAGE_URL=''
PACKAGE_VERSION='0.1'
PATH_SEPARATOR=':'
RANLIB='ranlib'
SED='/bin/sed'
SET_MAKE=''
SHELL='/bin/sh'
STRIP='strip'
VERSION='0.1'
ac_ct_CC='gcc'
ac_ct_DUMPBIN=''
am__EXEEXT_FALSE=''
am__EXEEXT_TRUE='#'
am__fastdepCC_FALSE=''
am__fastdepCC_TRUE='#'
am__include='include'
am__isrc=''
am__leading_dot='.'
am__quote=''
am__tar='${AMTAR} chof - "$$tardir"'
am__untar='${AMTAR} xf -'
bindir='${exec_prefix}/bin'
build='x86_64-unknown-linux-gnu'
build_alias=''
build_cpu='x86_64'
build_os='linux-gnu'
build_vendor='unknown'
datadir='${datarootdir}'
datarootdir='${prefix}/share'
docdir='${datarootdir}/doc/${PACKAGE_TARNAME}'
dvidir='${docdir}'
exec_prefix='${prefix}'
host='x86_64-unknown-linux-gnu'
host_alias=''
host_cpu='x86_64'
host_os='linux-gnu'
host_vendor='unknown'
htmldir='${docdir}'
includedir='${prefix}/include'
infodir='${datarootdir}/info'
install_sh='${SHELL} /root/mod_sq/install-sh'
libdir='${exec_prefix}/lib'
libexecdir='${exec_prefix}/libexec'
localedir='${datarootdir}/locale'
localstatedir='${prefix}/var'
mandir='${datarootdir}/man'
mkdir_p='/bin/mkdir -p'
oldincludedir='/usr/include'
pdfdir='${docdir}'
prefix='/usr'
program_transform_name='s,x,x,'
psdir='${docdir}'
sbindir='${exec_prefix}/sbin'
sharedstatedir='${prefix}/com'
sysconfdir='${prefix}/etc'
target_alias=''

## ----------- ##
## confdefs.h. ##
## ----------- ##

/* confdefs.h */
#define PACKAGE_NAME "mod_sq"
#define PACKAGE_TARNAME "mod_sq"
#define PACKAGE_VERSION "0.1"
#define PACKAGE_STRING "mod_sq 0.1"
#define PACKAGE_BUGREPORT "nathan@njlg.info"
#define PACKAGE_URL ""
#define PACKAGE "mod_sq"
#define VERSION "0.1"
#define STDC_HEADERS 1
#define HAVE_SYS_TYPES_H 1
#define HAVE_SYS_STAT_H 1
#define HAVE_STDLIB_H 1
#define HAVE_STRING_H 1
#define HAVE_MEMORY_H 1
#define HAVE_STRINGS_H 1
#define HAVE_INTTYPES_H 1
#define HAVE_STDINT_H 1
#define HAVE_UNISTD_H 1
#define HAVE_DLFCN_H 1
#define LT_OBJDIR ".libs/"
#define HAVE_LIBSQUIRREL 1
#define HAVE_LIBSQSTDLIB 1
#define STDC_HEADERS 1
#define HAVE_SQUIRREL_H 1
#define HAVE_STDARG_H 1
#define HAVE_STDIO_H 1
#define HAVE_STDLIB_H 1
#define HAVE_STRING_H 1
#define HAVE_ERR_H 1

configure: exit 0
